<?xml version="1.0" encoding="UTF-8"?>
<!-- Generated by org.testng.reporters.JUnitXMLReporter -->
<testsuite ignored="0" hostname="DESKTOP-CSNSMDB" failures="0" tests="2" name="Smoke Tests" time="0.042" errors="0" timestamp="21 Aug 2021 12:52:16 GMT">
  <testcase classname="org.driver.com.BaseTest" name="@BeforeMethod openBrowser" time="0.0">
    <failure type="java.lang.Exception" message="abcdThis browser type is not defined.">
      <![CDATA[java.lang.Exception: abcdThis browser type is not defined.
	at org.driver.com.BaseTest.openBrowser(BaseTest.java:39)
... Removed 27 stack frames]]>
    </failure>
  </testcase> <!-- @BeforeMethod openBrowser -->
  <testcase classname="org.driver.com.BaseTest" name="@AfterMethod quitBrowser" time="0.0">
    <skipped/>
  </testcase> <!-- @AfterMethod quitBrowser -->
  <testcase classname="org.driver.com.BaseTest" name="@BeforeMethod openBrowser" time="0.0">
    <skipped/>
  </testcase> <!-- @BeforeMethod openBrowser -->
  <testcase classname="org.driver.com.BaseTest" name="@AfterMethod quitBrowser" time="0.0">
    <skipped/>
  </testcase> <!-- @AfterMethod quitBrowser -->
  <testcase classname="org.project.com.TC02" name="test02" time="0.002">
    <skipped/>
  </testcase> <!-- test02 -->
  <testcase classname="org.project.com.TC01" name="testCase01" time="0.001">
    <skipped/>
  </testcase> <!-- testCase01 -->
</testsuite> <!-- Smoke Tests -->
