<?xml version="1.0" encoding="UTF-8"?>
<testng-results ignored="0" total="1" passed="1" failed="0" skipped="0">
  <reporter-output>
  </reporter-output>
  <suite started-at="2021-08-08T12:53:15Z" name="Default suite" finished-at="2021-08-08T12:53:28Z" duration-ms="12136">
    <groups>
    </groups>
    <test started-at="2021-08-08T12:53:15Z" name="Default test" finished-at="2021-08-08T12:53:28Z" duration-ms="12136">
      <class name="org.project.com.TC01">
        <test-method is-config="true" signature="openBrowser()[pri:0, instance:org.project.com.TC01@57576994]" started-at="2021-08-08T18:23:15Z" name="openBrowser" finished-at="2021-08-08T18:23:26Z" duration-ms="10276" status="PASS">
          <reporter-output>
          </reporter-output>
        </test-method> <!-- openBrowser -->
        <test-method signature="testCase01()[pri:0, instance:org.project.com.TC01@57576994]" started-at="2021-08-08T18:23:26Z" name="testCase01" finished-at="2021-08-08T18:23:26Z" duration-ms="6" status="PASS">
          <reporter-output>
          </reporter-output>
        </test-method> <!-- testCase01 -->
        <test-method is-config="true" signature="quitBrowser()[pri:0, instance:org.project.com.TC01@57576994]" started-at="2021-08-08T18:23:26Z" name="quitBrowser" finished-at="2021-08-08T18:23:28Z" duration-ms="1833" status="PASS">
          <reporter-output>
          </reporter-output>
        </test-method> <!-- quitBrowser -->
      </class> <!-- org.project.com.TC01 -->
    </test> <!-- Default test -->
  </suite> <!-- Default suite -->
</testng-results>
