<?xml version="1.0" encoding="UTF-8"?>
<testng-results ignored="0" total="2" passed="2" failed="0" skipped="0">
  <reporter-output>
  </reporter-output>
  <suite started-at="2021-08-21T12:58:26Z" name="My suite" finished-at="2021-08-21T12:58:37Z" duration-ms="10354">
    <groups>
    </groups>
    <test started-at="2021-08-21T12:58:26Z" name="Smoke Tests" finished-at="2021-08-21T12:58:34Z" duration-ms="7480">
      <class name="org.project.com.TC02">
        <test-method is-config="true" signature="openBrowser(java.lang.String)[pri:0, instance:org.project.com.TC02@6337c201]" started-at="2021-08-21T18:28:26Z" name="openBrowser" finished-at="2021-08-21T18:28:34Z" duration-ms="7238" status="PASS">
          <params>
            <param index="0">
              <value>
                <![CDATA[chrome]]>
              </value>
            </param>
          </params>
          <reporter-output>
          </reporter-output>
        </test-method> <!-- openBrowser -->
        <test-method signature="test02()[pri:0, instance:org.project.com.TC02@6337c201]" started-at="2021-08-21T18:28:34Z" name="test02" finished-at="2021-08-21T18:28:34Z" duration-ms="17" status="PASS">
          <reporter-output>
          </reporter-output>
        </test-method> <!-- test02 -->
        <test-method is-config="true" signature="quitBrowser()[pri:0, instance:org.project.com.TC02@6337c201]" started-at="2021-08-21T18:28:34Z" name="quitBrowser" finished-at="2021-08-21T18:28:34Z" duration-ms="200" status="PASS">
          <reporter-output>
          </reporter-output>
        </test-method> <!-- quitBrowser -->
      </class> <!-- org.project.com.TC02 -->
    </test> <!-- Smoke Tests -->
    <test started-at="2021-08-21T12:58:26Z" name="Regression Tests" finished-at="2021-08-21T12:58:37Z" duration-ms="10354">
      <class name="org.project.com.TC01">
        <test-method is-config="true" signature="openBrowser(java.lang.String)[pri:0, instance:org.project.com.TC01@45a4b042]" started-at="2021-08-21T18:28:26Z" name="openBrowser" finished-at="2021-08-21T18:28:35Z" duration-ms="8899" status="PASS">
          <params>
            <param index="0">
              <value>
                <![CDATA[firefox]]>
              </value>
            </param>
          </params>
          <reporter-output>
          </reporter-output>
        </test-method> <!-- openBrowser -->
        <test-method signature="testCase01()[pri:0, instance:org.project.com.TC01@45a4b042]" started-at="2021-08-21T18:28:35Z" name="testCase01" finished-at="2021-08-21T18:28:35Z" duration-ms="5" status="PASS">
          <reporter-output>
          </reporter-output>
        </test-method> <!-- testCase01 -->
        <test-method is-config="true" signature="quitBrowser()[pri:0, instance:org.project.com.TC01@45a4b042]" started-at="2021-08-21T18:28:35Z" name="quitBrowser" finished-at="2021-08-21T18:28:37Z" duration-ms="1427" status="PASS">
          <reporter-output>
          </reporter-output>
        </test-method> <!-- quitBrowser -->
      </class> <!-- org.project.com.TC01 -->
    </test> <!-- Regression Tests -->
  </suite> <!-- My suite -->
</testng-results>
